08:14:53.400 [main] TRACE - Resolving type for handle stfontschemef36dtype
08:14:53.437 [main] TRACE - Resolving type for handle ctpatternfill7452type
08:14:53.448 [main] TRACE - Resolving type for handle stpatterntype7939type
08:14:53.453 [main] TRACE - Resolving type for handle ctborderpre497type
08:14:53.459 [main] TRACE - Resolving type for handle stnumfmtid76fbtype
08:14:53.463 [main] TRACE - Resolving type for handle stfontid9d63type
08:14:53.466 [main] TRACE - Resolving type for handle stfillida097type
08:14:53.469 [main] TRACE - Resolving type for handle stborderid1a80type
08:14:53.475 [main] TRACE - Resolving type for handle stcellstylexfid70c7type
08:14:53.485 [main] TRACE - Resolving type for handle ctsheetformatprdef7type
08:14:53.491 [main] TRACE - Resolving type for handle ctsheetviewsb918type
08:14:53.500 [main] TRACE - Resolving type for handle ctsheetview0f43type
08:14:53.518 [main] TRACE - Resolving type for handle ctsheetdimensiond310type
08:14:53.523 [main] TRACE - Resolving type for handle stref90a2type
08:14:53.528 [main] TRACE - Resolving type for handle ctpagemargins5455type
08:14:53.691 [main] TRACE - Resolving type for handle ctnumfmtsb58btype
08:14:53.729 [main] DEBUG - Save core properties part
08:14:53.729 [main] DEBUG - Save content types part
08:14:53.842 [main] DEBUG - Save package relationships
08:14:53.849 [main] DEBUG - Save part 'docProps/app.xml'
08:14:53.850 [main] DEBUG - Save part 'docProps/core.xml'
08:14:53.856 [main] DEBUG - Save part 'xl/sharedStrings.xml'
08:14:53.857 [main] DEBUG - Save part 'xl/styles.xml'
08:14:53.857 [main] DEBUG - Save part 'xl/workbook.xml'
08:14:53.860 [main] DEBUG - Save part 'xl/worksheets/sheet1.xml'
08:14:54.219 [main] INFO  - Navigating to Home Page 
08:14:54.536 [main] INFO  - Click  On the Book Diagnostic Tests
08:14:57.060 [main] INFO  - Capturing all the top cities
08:14:59.266 [main] DEBUG - Save content types part
08:14:59.269 [main] DEBUG - Save package relationships
08:14:59.272 [main] DEBUG - Save part 'docProps/app.xml'
08:14:59.273 [main] DEBUG - Save part 'docProps/core.xml'
08:14:59.276 [main] DEBUG - Save part 'xl/sharedStrings.xml'
08:14:59.276 [main] DEBUG - Save part 'xl/styles.xml'
08:14:59.277 [main] DEBUG - Save part 'xl/workbook.xml'
08:14:59.281 [main] DEBUG - Save part 'xl/worksheets/sheet1.xml'
08:14:59.282 [main] DEBUG - Save part 'xl/worksheets/sheet2.xml'
08:14:59.627 [main] INFO  - Navigating to Home Page 
08:14:59.946 [main] INFO  - Clicking on the View All Specialites
08:15:03.616 [main] INFO  - Capturing the all the specialities along with price 
08:15:05.194 [main] DEBUG - Save content types part
08:15:05.199 [main] DEBUG - Save package relationships
08:15:05.202 [main] DEBUG - Save part 'docProps/app.xml'
08:15:05.205 [main] DEBUG - Save part 'docProps/core.xml'
08:15:05.208 [main] DEBUG - Save part 'xl/sharedStrings.xml'
08:15:05.209 [main] DEBUG - Save part 'xl/styles.xml'
08:15:05.209 [main] DEBUG - Save part 'xl/workbook.xml'
08:15:05.212 [main] DEBUG - Save part 'xl/worksheets/sheet1.xml'
08:15:05.213 [main] DEBUG - Save part 'xl/worksheets/sheet2.xml'
08:15:05.213 [main] DEBUG - Save part 'xl/worksheets/sheet3.xml'
08:15:05.559 [main] INFO  - Navigating to Home Page 
08:15:05.858 [main] INFO  - Scroll Down to bottom of the page and clicking on practo drive 
08:15:08.373 [main] INFO  - Entering invalid details and cpature warning messages 
08:15:09.923 [main] DEBUG - Parsing relationship: /xl/_rels/workbook.xml.rels
08:15:09.925 [main] DEBUG - Parsing relationship: /_rels/.rels
08:15:10.332 [main] DEBUG - Save content types part
08:15:10.336 [main] DEBUG - Save package relationships
08:15:10.339 [main] DEBUG - Save part 'docProps/app.xml'
08:15:10.339 [main] DEBUG - Save part 'docProps/core.xml'
08:15:10.342 [main] DEBUG - Save part 'xl/sharedStrings.xml'
08:15:10.343 [main] DEBUG - Save part 'xl/styles.xml'
08:15:10.344 [main] DEBUG - Save part 'xl/workbook.xml'
08:15:10.347 [main] DEBUG - Save part 'xl/worksheets/sheet1.xml'
08:15:10.348 [main] DEBUG - Save part 'xl/worksheets/sheet2.xml'
08:15:10.348 [main] DEBUG - Save part 'xl/worksheets/sheet3.xml'
08:15:10.349 [main] DEBUG - Save part 'xl/worksheets/sheet4.xml'
08:15:13.056 [main] INFO  - Navigating to Home Page 
08:15:13.421 [main] INFO  - Scroll Down to the Social media menu
08:15:13.887 [main] INFO  - Validating the Instagram is present or not
08:24:24.955 [main] DEBUG - Parsing relationship: /xl/_rels/workbook.xml.rels
08:24:24.965 [main] DEBUG - Parsing relationship: /_rels/.rels
08:24:25.285 [main] TRACE - Loading type system org.apache.poi.schemas.ooxml.system.ooxml
08:24:25.289 [main] TRACE - Loading type system org.apache.xmlbeans.metadata.system.sXMLCONFIG
08:24:25.290 [main] TRACE - Loading type system org.apache.xmlbeans.metadata.system.sXMLLANG
08:24:25.291 [main] TRACE - Loading type system org.apache.xmlbeans.metadata.system.sXMLSCHEMA
08:24:25.291 [main] TRACE - Loading type system org.apache.xmlbeans.metadata.system.sXMLTOOLS
08:24:25.293 [main] TRACE - Reading unresolved handles for type system org.apache.xmlbeans.metadata.system.sXMLTOOLS
08:24:25.315 [main] TRACE - Finished loading type system org.apache.xmlbeans.metadata.system.sXMLTOOLS
08:24:25.316 [main] TRACE - Reading unresolved handles for type system org.apache.xmlbeans.metadata.system.sXMLSCHEMA
08:24:25.327 [main] TRACE - Finished loading type system org.apache.xmlbeans.metadata.system.sXMLSCHEMA
08:24:25.328 [main] TRACE - Reading unresolved handles for type system org.apache.xmlbeans.metadata.system.sXMLLANG
08:24:25.329 [main] TRACE - Finished loading type system org.apache.xmlbeans.metadata.system.sXMLLANG
08:24:25.331 [main] TRACE - Reading unresolved handles for type system org.apache.xmlbeans.metadata.system.sXMLCONFIG
08:24:25.332 [main] TRACE - Finished loading type system org.apache.xmlbeans.metadata.system.sXMLCONFIG
08:24:25.333 [main] TRACE - Reading unresolved handles for type system org.apache.poi.schemas.ooxml.system.ooxml
08:24:25.417 [main] TRACE - Finished loading type system org.apache.poi.schemas.ooxml.system.ooxml
08:24:25.418 [main] TRACE - Resolving type for handle themefd26doctype
08:24:25.534 [main] TRACE - Resolving type for handle stylesheet5d8bdoctype
08:24:25.542 [main] TRACE - Resolving type for handle ctstylesheet4257type
08:24:25.550 [main] TRACE - Resolving type for handle ctfonts6623type
08:24:25.554 [main] TRACE - Resolving type for handle ctfont14d8type
08:24:25.566 [main] TRACE - Resolving type for handle ctfills2c6ftype
08:24:25.570 [main] TRACE - Resolving type for handle ctfill550ctype
08:24:25.574 [main] TRACE - Resolving type for handle ctborders0d66type
08:24:25.578 [main] TRACE - Resolving type for handle ctborderf935type
08:24:25.583 [main] TRACE - Resolving type for handle ctcellxfs1322type
08:24:25.588 [main] TRACE - Resolving type for handle ctxf97f7type
08:24:25.591 [main] TRACE - Resolving type for handle ctcellstylexfsa81ftype
08:24:25.595 [main] TRACE - Resolving type for handle ctdxfsb26atype
08:24:25.598 [main] TRACE - Resolving type for handle cttablestyles872ftype
08:24:25.604 [main] TRACE - Resolving type for handle sstf81fdoctype
08:24:25.613 [main] TRACE - Resolving type for handle ctsst44f3type
08:24:25.637 [main] TRACE - Resolving type for handle ctrsta472type
08:24:25.668 [main] TRACE - Resolving type for handle workbookec17doctype
08:24:25.679 [main] TRACE - Resolving type for handle ctworkbook83c3type
08:24:25.688 [main] TRACE - Resolving type for handle ctsheets49fdtype
08:24:25.695 [main] TRACE - Resolving type for handle ctsheet4dbetype
08:24:25.698 [main] TRACE - Resolving type for handle strelationshipid1e94type
08:24:25.703 [main] TRACE - Resolving type for handle worksheetf539doctype
08:24:25.713 [main] TRACE - Resolving type for handle ctworksheet530dtype
08:24:25.724 [main] TRACE - Resolving type for handle ctsheetdata8408type
08:24:25.728 [main] TRACE - Resolving type for handle ctrowdd39type
08:24:25.736 [main] TRACE - Resolving type for handle ctcell842btype
08:24:25.753 [main] TRACE - Resolving type for handle stcellrefe4e0type
08:24:25.767 [main] TRACE - Resolving type for handle ctcols627ctype
08:24:25.787 [main] TRACE - Resolving type for handle stxstringf179type
08:24:25.793 [main] TRACE - Resolving type for handle stcelltypebf95type
08:24:26.549 [main] DEBUG - Parsing relationship: /xl/_rels/workbook.xml.rels
08:24:26.551 [main] DEBUG - Parsing relationship: /_rels/.rels
08:24:44.684 [main] TRACE - Resolving type for handle ctworkbookpr03a5type
08:24:44.693 [main] TRACE - Resolving type for handle ctbookviewsb864type
08:24:44.696 [main] TRACE - Resolving type for handle ctbookviewf677type
08:24:44.703 [main] TRACE - Resolving type for handle propertiesee84doctype
08:24:44.706 [main] TRACE - Resolving type for handle ctproperties3f10type
08:24:44.711 [main] TRACE - Resolving type for handle properties288cdoctype
08:24:44.715 [main] TRACE - Resolving type for handle ctproperties2c18type
08:24:44.723 [main] TRACE - Resolving type for handle ctfontsizeb3b9type
08:24:44.727 [main] TRACE - Resolving type for handle ctcolord2c2type
08:24:44.728 [main] TRACE - Resolving type for handle ctfontname2dc3type
08:24:44.731 [main] TRACE - Resolving type for handle ctfontfamily685ctype
08:24:44.733 [main] TRACE - Resolving type for handle stfontfamily9c6ctype
08:24:44.735 [main] TRACE - Resolving type for handle ctfontschemebf5dtype
08:24:44.738 [main] TRACE - Resolving type for handle stfontschemef36dtype
08:24:44.740 [main] TRACE - Resolving type for handle ctpatternfill7452type
08:24:44.741 [main] TRACE - Resolving type for handle stpatterntype7939type
08:24:44.742 [main] TRACE - Resolving type for handle ctborderpre497type
08:24:44.744 [main] TRACE - Resolving type for handle stnumfmtid76fbtype
08:24:44.745 [main] TRACE - Resolving type for handle stfontid9d63type
08:24:44.746 [main] TRACE - Resolving type for handle stfillida097type
08:24:44.747 [main] TRACE - Resolving type for handle stborderid1a80type
08:24:44.748 [main] TRACE - Resolving type for handle stcellstylexfid70c7type
08:24:44.750 [main] TRACE - Resolving type for handle ctsheetformatprdef7type
08:24:44.752 [main] TRACE - Resolving type for handle ctsheetviewsb918type
08:24:44.753 [main] TRACE - Resolving type for handle ctsheetview0f43type
08:24:44.756 [main] TRACE - Resolving type for handle ctsheetdimensiond310type
08:24:44.759 [main] TRACE - Resolving type for handle stref90a2type
08:24:44.760 [main] TRACE - Resolving type for handle ctpagemargins5455type
08:24:44.791 [main] TRACE - Resolving type for handle ctnumfmtsb58btype
08:24:44.809 [main] DEBUG - Save core properties part
08:24:44.810 [main] DEBUG - Save content types part
08:24:44.849 [main] DEBUG - Save package relationships
08:24:44.851 [main] DEBUG - Save part 'docProps/app.xml'
08:24:44.851 [main] DEBUG - Save part 'docProps/core.xml'
08:24:44.854 [main] DEBUG - Save part 'xl/sharedStrings.xml'
08:24:44.854 [main] DEBUG - Save part 'xl/styles.xml'
08:24:44.854 [main] DEBUG - Save part 'xl/workbook.xml'
08:24:44.855 [main] DEBUG - Save part 'xl/worksheets/sheet1.xml'
08:24:47.721 [main] DEBUG - Save content types part
08:24:47.723 [main] DEBUG - Save package relationships
08:24:47.724 [main] DEBUG - Save part 'docProps/app.xml'
08:24:47.725 [main] DEBUG - Save part 'docProps/core.xml'
08:24:47.726 [main] DEBUG - Save part 'xl/sharedStrings.xml'
08:24:47.726 [main] DEBUG - Save part 'xl/styles.xml'
08:24:47.727 [main] DEBUG - Save part 'xl/workbook.xml'
08:24:47.729 [main] DEBUG - Save part 'xl/worksheets/sheet1.xml'
08:24:47.729 [main] DEBUG - Save part 'xl/worksheets/sheet2.xml'
08:24:50.475 [main] DEBUG - Save content types part
08:24:50.477 [main] DEBUG - Save package relationships
08:24:50.479 [main] DEBUG - Save part 'docProps/app.xml'
08:24:50.481 [main] DEBUG - Save part 'docProps/core.xml'
08:24:50.483 [main] DEBUG - Save part 'xl/sharedStrings.xml'
08:24:50.483 [main] DEBUG - Save part 'xl/styles.xml'
08:24:50.483 [main] DEBUG - Save part 'xl/workbook.xml'
08:24:50.485 [main] DEBUG - Save part 'xl/worksheets/sheet1.xml'
08:24:50.486 [main] DEBUG - Save part 'xl/worksheets/sheet2.xml'
08:24:50.487 [main] DEBUG - Save part 'xl/worksheets/sheet3.xml'
08:33:23.865 [main] DEBUG - Parsing relationship: /xl/_rels/workbook.xml.rels
08:33:23.877 [main] DEBUG - Parsing relationship: /_rels/.rels
08:33:24.020 [main] TRACE - Loading type system org.apache.poi.schemas.ooxml.system.ooxml
08:33:24.023 [main] TRACE - Loading type system org.apache.xmlbeans.metadata.system.sXMLCONFIG
08:33:24.024 [main] TRACE - Loading type system org.apache.xmlbeans.metadata.system.sXMLLANG
08:33:24.024 [main] TRACE - Loading type system org.apache.xmlbeans.metadata.system.sXMLSCHEMA
08:33:24.025 [main] TRACE - Loading type system org.apache.xmlbeans.metadata.system.sXMLTOOLS
08:33:24.026 [main] TRACE - Reading unresolved handles for type system org.apache.xmlbeans.metadata.system.sXMLTOOLS
08:33:24.038 [main] TRACE - Finished loading type system org.apache.xmlbeans.metadata.system.sXMLTOOLS
08:33:24.039 [main] TRACE - Reading unresolved handles for type system org.apache.xmlbeans.metadata.system.sXMLSCHEMA
08:33:24.043 [main] TRACE - Finished loading type system org.apache.xmlbeans.metadata.system.sXMLSCHEMA
08:33:24.044 [main] TRACE - Reading unresolved handles for type system org.apache.xmlbeans.metadata.system.sXMLLANG
08:33:24.045 [main] TRACE - Finished loading type system org.apache.xmlbeans.metadata.system.sXMLLANG
08:33:24.048 [main] TRACE - Reading unresolved handles for type system org.apache.xmlbeans.metadata.system.sXMLCONFIG
08:33:24.049 [main] TRACE - Finished loading type system org.apache.xmlbeans.metadata.system.sXMLCONFIG
08:33:24.049 [main] TRACE - Reading unresolved handles for type system org.apache.poi.schemas.ooxml.system.ooxml
08:33:24.101 [main] TRACE - Finished loading type system org.apache.poi.schemas.ooxml.system.ooxml
08:33:24.101 [main] TRACE - Resolving type for handle themefd26doctype
08:33:24.177 [main] TRACE - Resolving type for handle stylesheet5d8bdoctype
08:33:24.184 [main] TRACE - Resolving type for handle ctstylesheet4257type
08:33:24.188 [main] TRACE - Resolving type for handle ctfonts6623type
08:33:24.191 [main] TRACE - Resolving type for handle ctfont14d8type
08:33:24.196 [main] TRACE - Resolving type for handle ctfills2c6ftype
08:33:24.198 [main] TRACE - Resolving type for handle ctfill550ctype
08:33:24.201 [main] TRACE - Resolving type for handle ctborders0d66type
08:33:24.204 [main] TRACE - Resolving type for handle ctborderf935type
08:33:24.208 [main] TRACE - Resolving type for handle ctcellxfs1322type
08:33:24.213 [main] TRACE - Resolving type for handle ctxf97f7type
08:33:24.216 [main] TRACE - Resolving type for handle ctcellstylexfsa81ftype
08:33:24.218 [main] TRACE - Resolving type for handle ctdxfsb26atype
08:33:24.222 [main] TRACE - Resolving type for handle cttablestyles872ftype
08:33:24.227 [main] TRACE - Resolving type for handle sstf81fdoctype
08:33:24.233 [main] TRACE - Resolving type for handle ctsst44f3type
08:33:24.248 [main] TRACE - Resolving type for handle ctrsta472type
08:33:24.271 [main] TRACE - Resolving type for handle workbookec17doctype
08:33:24.279 [main] TRACE - Resolving type for handle ctworkbook83c3type
08:33:24.287 [main] TRACE - Resolving type for handle ctsheets49fdtype
08:33:24.290 [main] TRACE - Resolving type for handle ctsheet4dbetype
08:33:24.294 [main] TRACE - Resolving type for handle strelationshipid1e94type
08:33:24.298 [main] TRACE - Resolving type for handle worksheetf539doctype
08:33:24.305 [main] TRACE - Resolving type for handle ctworksheet530dtype
08:33:24.313 [main] TRACE - Resolving type for handle ctsheetdata8408type
08:33:24.316 [main] TRACE - Resolving type for handle ctrowdd39type
08:33:24.323 [main] TRACE - Resolving type for handle ctcell842btype
08:33:24.331 [main] TRACE - Resolving type for handle stcellrefe4e0type
08:33:24.343 [main] TRACE - Resolving type for handle ctcols627ctype
08:33:24.356 [main] TRACE - Resolving type for handle stxstringf179type
08:33:24.360 [main] TRACE - Resolving type for handle stcelltypebf95type
08:33:25.063 [main] DEBUG - Parsing relationship: /xl/_rels/workbook.xml.rels
08:33:25.065 [main] DEBUG - Parsing relationship: /_rels/.rels
08:33:41.609 [main] TRACE - Resolving type for handle ctworkbookpr03a5type
08:33:41.617 [main] TRACE - Resolving type for handle ctbookviewsb864type
08:33:41.620 [main] TRACE - Resolving type for handle ctbookviewf677type
08:33:41.626 [main] TRACE - Resolving type for handle propertiesee84doctype
08:33:41.627 [main] TRACE - Resolving type for handle ctproperties3f10type
08:33:41.630 [main] TRACE - Resolving type for handle properties288cdoctype
08:33:41.633 [main] TRACE - Resolving type for handle ctproperties2c18type
08:33:41.638 [main] TRACE - Resolving type for handle ctfontsizeb3b9type
08:33:41.642 [main] TRACE - Resolving type for handle ctcolord2c2type
08:33:41.645 [main] TRACE - Resolving type for handle ctfontname2dc3type
08:33:41.647 [main] TRACE - Resolving type for handle ctfontfamily685ctype
08:33:41.649 [main] TRACE - Resolving type for handle stfontfamily9c6ctype
08:33:41.653 [main] TRACE - Resolving type for handle ctfontschemebf5dtype
08:33:41.656 [main] TRACE - Resolving type for handle stfontschemef36dtype
08:33:41.657 [main] TRACE - Resolving type for handle ctpatternfill7452type
08:33:41.660 [main] TRACE - Resolving type for handle stpatterntype7939type
08:33:41.660 [main] TRACE - Resolving type for handle ctborderpre497type
08:33:41.662 [main] TRACE - Resolving type for handle stnumfmtid76fbtype
08:33:41.664 [main] TRACE - Resolving type for handle stfontid9d63type
08:33:41.665 [main] TRACE - Resolving type for handle stfillida097type
08:33:41.667 [main] TRACE - Resolving type for handle stborderid1a80type
08:33:41.668 [main] TRACE - Resolving type for handle stcellstylexfid70c7type
08:33:41.671 [main] TRACE - Resolving type for handle ctsheetformatprdef7type
08:33:41.674 [main] TRACE - Resolving type for handle ctsheetviewsb918type
08:33:41.679 [main] TRACE - Resolving type for handle ctsheetview0f43type
08:33:41.685 [main] TRACE - Resolving type for handle ctsheetdimensiond310type
08:33:41.686 [main] TRACE - Resolving type for handle stref90a2type
08:33:41.688 [main] TRACE - Resolving type for handle ctpagemargins5455type
08:33:41.736 [main] TRACE - Resolving type for handle ctnumfmtsb58btype
08:33:41.759 [main] DEBUG - Save core properties part
08:33:41.760 [main] DEBUG - Save content types part
08:33:41.807 [main] DEBUG - Save package relationships
08:33:41.810 [main] DEBUG - Save part 'docProps/app.xml'
08:33:41.811 [main] DEBUG - Save part 'docProps/core.xml'
08:33:41.813 [main] DEBUG - Save part 'xl/sharedStrings.xml'
08:33:41.813 [main] DEBUG - Save part 'xl/styles.xml'
08:33:41.813 [main] DEBUG - Save part 'xl/workbook.xml'
08:33:41.814 [main] DEBUG - Save part 'xl/worksheets/sheet1.xml'
08:33:44.596 [main] DEBUG - Save content types part
08:33:44.599 [main] DEBUG - Save package relationships
08:33:44.603 [main] DEBUG - Save part 'docProps/app.xml'
08:33:44.603 [main] DEBUG - Save part 'docProps/core.xml'
08:33:44.606 [main] DEBUG - Save part 'xl/sharedStrings.xml'
08:33:44.607 [main] DEBUG - Save part 'xl/styles.xml'
08:33:44.607 [main] DEBUG - Save part 'xl/workbook.xml'
08:33:44.610 [main] DEBUG - Save part 'xl/worksheets/sheet1.xml'
08:33:44.611 [main] DEBUG - Save part 'xl/worksheets/sheet2.xml'
08:33:47.147 [main] DEBUG - Save content types part
08:33:47.149 [main] DEBUG - Save package relationships
08:33:47.152 [main] DEBUG - Save part 'docProps/app.xml'
08:33:47.152 [main] DEBUG - Save part 'docProps/core.xml'
08:33:47.154 [main] DEBUG - Save part 'xl/sharedStrings.xml'
08:33:47.154 [main] DEBUG - Save part 'xl/styles.xml'
08:33:47.155 [main] DEBUG - Save part 'xl/workbook.xml'
08:33:47.157 [main] DEBUG - Save part 'xl/worksheets/sheet1.xml'
08:33:47.158 [main] DEBUG - Save part 'xl/worksheets/sheet2.xml'
08:33:47.158 [main] DEBUG - Save part 'xl/worksheets/sheet3.xml'
09:43:59.346 [main] INFO  - Navigating to Home Page 
09:43:59.798 [main] INFO  - Select the city from the location listbox in Search input field
09:44:00.310 [main] DEBUG - Parsing relationship: /xl/_rels/workbook.xml.rels
09:44:00.316 [main] DEBUG - Parsing relationship: /_rels/.rels
09:44:00.782 [main] TRACE - Loading type system org.apache.poi.schemas.ooxml.system.ooxml
09:44:00.788 [main] TRACE - Loading type system org.apache.xmlbeans.metadata.system.sXMLCONFIG
09:44:00.789 [main] TRACE - Loading type system org.apache.xmlbeans.metadata.system.sXMLLANG
09:44:00.790 [main] TRACE - Loading type system org.apache.xmlbeans.metadata.system.sXMLSCHEMA
09:44:00.792 [main] TRACE - Loading type system org.apache.xmlbeans.metadata.system.sXMLTOOLS
09:44:00.795 [main] TRACE - Reading unresolved handles for type system org.apache.xmlbeans.metadata.system.sXMLTOOLS
09:44:00.826 [main] TRACE - Finished loading type system org.apache.xmlbeans.metadata.system.sXMLTOOLS
09:44:00.829 [main] TRACE - Reading unresolved handles for type system org.apache.xmlbeans.metadata.system.sXMLSCHEMA
09:44:00.842 [main] TRACE - Finished loading type system org.apache.xmlbeans.metadata.system.sXMLSCHEMA
09:44:00.844 [main] TRACE - Reading unresolved handles for type system org.apache.xmlbeans.metadata.system.sXMLLANG
09:44:00.846 [main] TRACE - Finished loading type system org.apache.xmlbeans.metadata.system.sXMLLANG
09:44:00.847 [main] TRACE - Reading unresolved handles for type system org.apache.xmlbeans.metadata.system.sXMLCONFIG
09:44:00.849 [main] TRACE - Finished loading type system org.apache.xmlbeans.metadata.system.sXMLCONFIG
09:44:00.852 [main] TRACE - Reading unresolved handles for type system org.apache.poi.schemas.ooxml.system.ooxml
09:44:00.947 [main] TRACE - Finished loading type system org.apache.poi.schemas.ooxml.system.ooxml
09:44:00.949 [main] TRACE - Resolving type for handle themefd26doctype
09:44:01.089 [main] TRACE - Resolving type for handle stylesheet5d8bdoctype
09:44:01.098 [main] TRACE - Resolving type for handle ctstylesheet4257type
09:44:01.108 [main] TRACE - Resolving type for handle ctfonts6623type
09:44:01.114 [main] TRACE - Resolving type for handle ctfont14d8type
09:44:01.128 [main] TRACE - Resolving type for handle ctfills2c6ftype
09:44:01.134 [main] TRACE - Resolving type for handle ctfill550ctype
09:44:01.138 [main] TRACE - Resolving type for handle ctborders0d66type
09:44:01.145 [main] TRACE - Resolving type for handle ctborderf935type
09:44:01.154 [main] TRACE - Resolving type for handle ctcellxfs1322type
09:44:01.174 [main] TRACE - Resolving type for handle ctxf97f7type
09:44:01.180 [main] TRACE - Resolving type for handle ctcellstylexfsa81ftype
09:44:01.186 [main] TRACE - Resolving type for handle ctdxfsb26atype
09:44:01.192 [main] TRACE - Resolving type for handle cttablestyles872ftype
09:44:01.204 [main] TRACE - Resolving type for handle sstf81fdoctype
09:44:01.213 [main] TRACE - Resolving type for handle ctsst44f3type
09:44:01.239 [main] TRACE - Resolving type for handle ctrsta472type
09:44:01.274 [main] TRACE - Resolving type for handle workbookec17doctype
09:44:01.283 [main] TRACE - Resolving type for handle ctworkbook83c3type
09:44:01.291 [main] TRACE - Resolving type for handle ctsheets49fdtype
09:44:01.297 [main] TRACE - Resolving type for handle ctsheet4dbetype
09:44:01.302 [main] TRACE - Resolving type for handle strelationshipid1e94type
09:44:01.307 [main] TRACE - Resolving type for handle worksheetf539doctype
09:44:01.315 [main] TRACE - Resolving type for handle ctworksheet530dtype
09:44:01.326 [main] TRACE - Resolving type for handle ctsheetdata8408type
09:44:01.334 [main] TRACE - Resolving type for handle ctrowdd39type
09:44:01.343 [main] TRACE - Resolving type for handle ctcell842btype
09:44:01.356 [main] TRACE - Resolving type for handle stcellrefe4e0type
09:44:01.370 [main] TRACE - Resolving type for handle ctcols627ctype
09:44:01.394 [main] TRACE - Resolving type for handle stxstringf179type
09:44:01.400 [main] TRACE - Resolving type for handle stcelltypebf95type
09:44:02.524 [main] INFO  - Select the Hospital type from the listbox in Search input field 
09:44:02.599 [main] DEBUG - Parsing relationship: /xl/_rels/workbook.xml.rels
09:44:02.600 [main] DEBUG - Parsing relationship: /_rels/.rels
09:44:14.565 [main] INFO  - Capturing the hospital names and rating more than 3.5
09:44:24.915 [main] TRACE - Resolving type for handle ctworkbookpr03a5type
09:44:24.929 [main] TRACE - Resolving type for handle ctbookviewsb864type
09:44:24.935 [main] TRACE - Resolving type for handle ctbookviewf677type
09:44:24.944 [main] TRACE - Resolving type for handle propertiesee84doctype
09:44:24.949 [main] TRACE - Resolving type for handle ctproperties3f10type
09:44:24.958 [main] TRACE - Resolving type for handle properties288cdoctype
09:44:24.962 [main] TRACE - Resolving type for handle ctproperties2c18type
09:44:24.973 [main] TRACE - Resolving type for handle ctfontsizeb3b9type
09:44:24.980 [main] TRACE - Resolving type for handle ctcolord2c2type
09:44:24.987 [main] TRACE - Resolving type for handle ctfontname2dc3type
09:44:24.993 [main] TRACE - Resolving type for handle ctfontfamily685ctype
09:44:24.996 [main] TRACE - Resolving type for handle stfontfamily9c6ctype
09:44:25.002 [main] TRACE - Resolving type for handle ctfontschemebf5dtype
09:44:25.008 [main] TRACE - Resolving type for handle stfontschemef36dtype
09:44:25.012 [main] TRACE - Resolving type for handle ctpatternfill7452type
09:44:25.019 [main] TRACE - Resolving type for handle stpatterntype7939type
09:44:25.023 [main] TRACE - Resolving type for handle ctborderpre497type
09:44:25.030 [main] TRACE - Resolving type for handle stnumfmtid76fbtype
09:44:25.034 [main] TRACE - Resolving type for handle stfontid9d63type
09:44:25.038 [main] TRACE - Resolving type for handle stfillida097type
09:44:25.041 [main] TRACE - Resolving type for handle stborderid1a80type
09:44:25.045 [main] TRACE - Resolving type for handle stcellstylexfid70c7type
09:44:25.052 [main] TRACE - Resolving type for handle ctsheetformatprdef7type
09:44:25.061 [main] TRACE - Resolving type for handle ctsheetviewsb918type
09:44:25.066 [main] TRACE - Resolving type for handle ctsheetview0f43type
09:44:25.074 [main] TRACE - Resolving type for handle ctsheetdimensiond310type
09:44:25.079 [main] TRACE - Resolving type for handle stref90a2type
09:44:25.083 [main] TRACE - Resolving type for handle ctpagemargins5455type
09:44:25.172 [main] TRACE - Resolving type for handle ctnumfmtsb58btype
09:44:25.212 [main] DEBUG - Save core properties part
09:44:25.212 [main] DEBUG - Save content types part
09:44:25.303 [main] DEBUG - Save package relationships
09:44:25.308 [main] DEBUG - Save part 'docProps/app.xml'
09:44:25.309 [main] DEBUG - Save part 'docProps/core.xml'
09:44:25.313 [main] DEBUG - Save part 'xl/sharedStrings.xml'
09:44:25.313 [main] DEBUG - Save part 'xl/styles.xml'
09:44:25.314 [main] DEBUG - Save part 'xl/workbook.xml'
09:44:25.317 [main] DEBUG - Save part 'xl/worksheets/sheet1.xml'
09:44:25.678 [main] INFO  - Navigating to Home Page 
09:44:25.917 [main] INFO  - Click  On the Book Diagnostic Tests
09:44:27.888 [main] INFO  - Capturing all the top cities
09:44:29.566 [main] DEBUG - Save content types part
09:44:29.569 [main] DEBUG - Save package relationships
09:44:29.572 [main] DEBUG - Save part 'docProps/app.xml'
09:44:29.572 [main] DEBUG - Save part 'docProps/core.xml'
09:44:29.574 [main] DEBUG - Save part 'xl/sharedStrings.xml'
09:44:29.575 [main] DEBUG - Save part 'xl/styles.xml'
09:44:29.576 [main] DEBUG - Save part 'xl/workbook.xml'
09:44:29.580 [main] DEBUG - Save part 'xl/worksheets/sheet1.xml'
09:44:29.605 [main] DEBUG - Save part 'xl/worksheets/sheet2.xml'
09:44:29.927 [main] INFO  - Navigating to Home Page 
09:44:30.170 [main] INFO  - Clicking on the View All Specialites
09:44:34.582 [main] INFO  - Capturing the all the specialities along with price 
09:44:36.097 [main] DEBUG - Save content types part
09:44:36.099 [main] DEBUG - Save package relationships
09:44:36.101 [main] DEBUG - Save part 'docProps/app.xml'
09:44:36.102 [main] DEBUG - Save part 'docProps/core.xml'
09:44:36.104 [main] DEBUG - Save part 'xl/sharedStrings.xml'
09:44:36.104 [main] DEBUG - Save part 'xl/styles.xml'
09:44:36.105 [main] DEBUG - Save part 'xl/workbook.xml'
09:44:36.108 [main] DEBUG - Save part 'xl/worksheets/sheet1.xml'
09:44:36.109 [main] DEBUG - Save part 'xl/worksheets/sheet2.xml'
09:44:36.109 [main] DEBUG - Save part 'xl/worksheets/sheet3.xml'
09:44:36.369 [main] INFO  - Navigating to Home Page 
09:44:36.646 [main] INFO  - Scroll Down to bottom of the page and clicking on practo drive 
09:44:39.065 [main] INFO  - Entering invalid details and cpature warning messages 
09:44:40.279 [main] DEBUG - Parsing relationship: /xl/_rels/workbook.xml.rels
09:44:40.281 [main] DEBUG - Parsing relationship: /_rels/.rels
09:44:40.516 [main] DEBUG - Save content types part
09:44:40.517 [main] DEBUG - Save package relationships
09:44:40.518 [main] DEBUG - Save part 'docProps/app.xml'
09:44:40.519 [main] DEBUG - Save part 'docProps/core.xml'
09:44:40.520 [main] DEBUG - Save part 'xl/sharedStrings.xml'
09:44:40.523 [main] DEBUG - Save part 'xl/styles.xml'
09:44:40.528 [main] DEBUG - Save part 'xl/workbook.xml'
09:44:40.546 [main] DEBUG - Save part 'xl/worksheets/sheet1.xml'
09:44:40.549 [main] DEBUG - Save part 'xl/worksheets/sheet2.xml'
09:44:40.552 [main] DEBUG - Save part 'xl/worksheets/sheet3.xml'
09:44:40.555 [main] DEBUG - Save part 'xl/worksheets/sheet4.xml'
09:44:43.168 [main] INFO  - Navigating to Home Page 
09:44:43.480 [main] INFO  - Scroll Down to the Social media menu
09:44:43.862 [main] INFO  - Validating the Instagram is present or not
13:24:23.085 [main] INFO  - Navigating to Home Page 
13:24:23.386 [main] INFO  - Select the city from the location listbox in Search input field
13:24:23.671 [main] DEBUG - Parsing relationship: /xl/_rels/workbook.xml.rels
13:24:23.674 [main] DEBUG - Parsing relationship: /_rels/.rels
13:24:23.936 [main] TRACE - Loading type system org.apache.poi.schemas.ooxml.system.ooxml
13:24:23.942 [main] TRACE - Loading type system org.apache.xmlbeans.metadata.system.sXMLCONFIG
13:24:23.943 [main] TRACE - Loading type system org.apache.xmlbeans.metadata.system.sXMLLANG
13:24:23.944 [main] TRACE - Loading type system org.apache.xmlbeans.metadata.system.sXMLSCHEMA
13:24:23.945 [main] TRACE - Loading type system org.apache.xmlbeans.metadata.system.sXMLTOOLS
13:24:23.947 [main] TRACE - Reading unresolved handles for type system org.apache.xmlbeans.metadata.system.sXMLTOOLS
13:24:23.968 [main] TRACE - Finished loading type system org.apache.xmlbeans.metadata.system.sXMLTOOLS
13:24:23.969 [main] TRACE - Reading unresolved handles for type system org.apache.xmlbeans.metadata.system.sXMLSCHEMA
13:24:23.977 [main] TRACE - Finished loading type system org.apache.xmlbeans.metadata.system.sXMLSCHEMA
13:24:23.980 [main] TRACE - Reading unresolved handles for type system org.apache.xmlbeans.metadata.system.sXMLLANG
13:24:23.983 [main] TRACE - Finished loading type system org.apache.xmlbeans.metadata.system.sXMLLANG
13:24:23.985 [main] TRACE - Reading unresolved handles for type system org.apache.xmlbeans.metadata.system.sXMLCONFIG
13:24:23.987 [main] TRACE - Finished loading type system org.apache.xmlbeans.metadata.system.sXMLCONFIG
13:24:23.988 [main] TRACE - Reading unresolved handles for type system org.apache.poi.schemas.ooxml.system.ooxml
13:24:24.050 [main] TRACE - Finished loading type system org.apache.poi.schemas.ooxml.system.ooxml
13:24:24.052 [main] TRACE - Resolving type for handle themefd26doctype
13:24:24.139 [main] TRACE - Resolving type for handle stylesheet5d8bdoctype
13:24:24.145 [main] TRACE - Resolving type for handle ctstylesheet4257type
13:24:24.153 [main] TRACE - Resolving type for handle ctfonts6623type
13:24:24.159 [main] TRACE - Resolving type for handle ctfont14d8type
13:24:24.164 [main] TRACE - Resolving type for handle ctfills2c6ftype
13:24:24.169 [main] TRACE - Resolving type for handle ctfill550ctype
13:24:24.172 [main] TRACE - Resolving type for handle ctborders0d66type
13:24:24.176 [main] TRACE - Resolving type for handle ctborderf935type
13:24:24.183 [main] TRACE - Resolving type for handle ctcellxfs1322type
13:24:24.189 [main] TRACE - Resolving type for handle ctxf97f7type
13:24:24.193 [main] TRACE - Resolving type for handle ctcellstylexfsa81ftype
13:24:24.198 [main] TRACE - Resolving type for handle ctdxfsb26atype
13:24:24.204 [main] TRACE - Resolving type for handle cttablestyles872ftype
13:24:24.210 [main] TRACE - Resolving type for handle sstf81fdoctype
13:24:24.217 [main] TRACE - Resolving type for handle ctsst44f3type
13:24:24.236 [main] TRACE - Resolving type for handle ctrsta472type
13:24:24.267 [main] TRACE - Resolving type for handle workbookec17doctype
13:24:24.274 [main] TRACE - Resolving type for handle ctworkbook83c3type
13:24:24.281 [main] TRACE - Resolving type for handle ctsheets49fdtype
13:24:24.283 [main] TRACE - Resolving type for handle ctsheet4dbetype
13:24:24.287 [main] TRACE - Resolving type for handle strelationshipid1e94type
13:24:24.293 [main] TRACE - Resolving type for handle worksheetf539doctype
13:24:24.302 [main] TRACE - Resolving type for handle ctworksheet530dtype
13:24:24.314 [main] TRACE - Resolving type for handle ctsheetdata8408type
13:24:24.320 [main] TRACE - Resolving type for handle ctrowdd39type
13:24:24.326 [main] TRACE - Resolving type for handle ctcell842btype
13:24:24.336 [main] TRACE - Resolving type for handle stcellrefe4e0type
13:24:24.346 [main] TRACE - Resolving type for handle ctcols627ctype
13:24:24.366 [main] TRACE - Resolving type for handle stxstringf179type
13:24:24.370 [main] TRACE - Resolving type for handle stcelltypebf95type
13:24:25.270 [main] INFO  - Select the Hospital type from the listbox in Search input field 
13:24:25.362 [main] DEBUG - Parsing relationship: /xl/_rels/workbook.xml.rels
13:24:25.364 [main] DEBUG - Parsing relationship: /_rels/.rels
13:24:31.657 [main] INFO  - Capturing the hospital names and rating more than 3.5
13:24:40.937 [main] TRACE - Resolving type for handle ctworkbookpr03a5type
13:24:40.948 [main] TRACE - Resolving type for handle ctbookviewsb864type
13:24:40.951 [main] TRACE - Resolving type for handle ctbookviewf677type
13:24:40.956 [main] TRACE - Resolving type for handle propertiesee84doctype
13:24:40.957 [main] TRACE - Resolving type for handle ctproperties3f10type
13:24:40.963 [main] TRACE - Resolving type for handle properties288cdoctype
13:24:40.965 [main] TRACE - Resolving type for handle ctproperties2c18type
13:24:40.971 [main] TRACE - Resolving type for handle ctfontsizeb3b9type
13:24:40.975 [main] TRACE - Resolving type for handle ctcolord2c2type
13:24:40.977 [main] TRACE - Resolving type for handle ctfontname2dc3type
13:24:40.980 [main] TRACE - Resolving type for handle ctfontfamily685ctype
13:24:40.982 [main] TRACE - Resolving type for handle stfontfamily9c6ctype
13:24:40.985 [main] TRACE - Resolving type for handle ctfontschemebf5dtype
13:24:40.987 [main] TRACE - Resolving type for handle stfontschemef36dtype
13:24:40.989 [main] TRACE - Resolving type for handle ctpatternfill7452type
13:24:40.992 [main] TRACE - Resolving type for handle stpatterntype7939type
13:24:40.994 [main] TRACE - Resolving type for handle ctborderpre497type
13:24:40.998 [main] TRACE - Resolving type for handle stnumfmtid76fbtype
13:24:41.001 [main] TRACE - Resolving type for handle stfontid9d63type
13:24:41.003 [main] TRACE - Resolving type for handle stfillida097type
13:24:41.004 [main] TRACE - Resolving type for handle stborderid1a80type
13:24:41.006 [main] TRACE - Resolving type for handle stcellstylexfid70c7type
13:24:41.010 [main] TRACE - Resolving type for handle ctsheetformatprdef7type
13:24:41.013 [main] TRACE - Resolving type for handle ctsheetviewsb918type
13:24:41.015 [main] TRACE - Resolving type for handle ctsheetview0f43type
13:24:41.021 [main] TRACE - Resolving type for handle ctsheetdimensiond310type
13:24:41.022 [main] TRACE - Resolving type for handle stref90a2type
13:24:41.024 [main] TRACE - Resolving type for handle ctpagemargins5455type
13:24:41.058 [main] TRACE - Resolving type for handle ctnumfmtsb58btype
13:24:41.076 [main] DEBUG - Save core properties part
13:24:41.076 [main] DEBUG - Save content types part
13:24:41.133 [main] DEBUG - Save package relationships
13:24:41.135 [main] DEBUG - Save part 'docProps/app.xml'
13:24:41.136 [main] DEBUG - Save part 'docProps/core.xml'
13:24:41.138 [main] DEBUG - Save part 'xl/sharedStrings.xml'
13:24:41.138 [main] DEBUG - Save part 'xl/styles.xml'
13:24:41.138 [main] DEBUG - Save part 'xl/workbook.xml'
13:24:41.140 [main] DEBUG - Save part 'xl/worksheets/sheet1.xml'
13:24:41.320 [main] INFO  - Navigating to Home Page 
13:24:41.499 [main] INFO  - Click  On the Book Diagnostic Tests
13:24:43.708 [main] INFO  - Capturing all the top cities
13:24:45.184 [main] DEBUG - Save content types part
13:24:45.196 [main] DEBUG - Save package relationships
13:24:45.197 [main] DEBUG - Save part 'docProps/app.xml'
13:24:45.197 [main] DEBUG - Save part 'docProps/core.xml'
13:24:45.199 [main] DEBUG - Save part 'xl/sharedStrings.xml'
13:24:45.199 [main] DEBUG - Save part 'xl/styles.xml'
13:24:45.199 [main] DEBUG - Save part 'xl/workbook.xml'
13:24:45.200 [main] DEBUG - Save part 'xl/worksheets/sheet1.xml'
13:24:45.201 [main] DEBUG - Save part 'xl/worksheets/sheet2.xml'
13:24:45.362 [main] INFO  - Navigating to Home Page 
13:24:45.635 [main] INFO  - Clicking on the View All Specialites
13:24:49.093 [main] INFO  - Capturing the all the specialities along with price 
13:24:50.545 [main] DEBUG - Save content types part
13:24:50.549 [main] DEBUG - Save package relationships
13:24:50.552 [main] DEBUG - Save part 'docProps/app.xml'
13:24:50.552 [main] DEBUG - Save part 'docProps/core.xml'
13:24:50.555 [main] DEBUG - Save part 'xl/sharedStrings.xml'
13:24:50.556 [main] DEBUG - Save part 'xl/styles.xml'
13:24:50.556 [main] DEBUG - Save part 'xl/workbook.xml'
13:24:50.559 [main] DEBUG - Save part 'xl/worksheets/sheet1.xml'
13:24:50.560 [main] DEBUG - Save part 'xl/worksheets/sheet2.xml'
13:24:50.561 [main] DEBUG - Save part 'xl/worksheets/sheet3.xml'
13:24:50.860 [main] INFO  - Navigating to Home Page 
13:24:51.128 [main] INFO  - Scroll Down to bottom of the page and clicking on practo drive 
13:24:53.508 [main] INFO  - Entering invalid details and cpature warning messages 
13:24:54.636 [main] DEBUG - Parsing relationship: /xl/_rels/workbook.xml.rels
13:24:54.637 [main] DEBUG - Parsing relationship: /_rels/.rels
13:24:54.873 [main] DEBUG - Save content types part
13:24:54.875 [main] DEBUG - Save package relationships
13:24:54.876 [main] DEBUG - Save part 'docProps/app.xml'
13:24:54.876 [main] DEBUG - Save part 'docProps/core.xml'
13:24:54.878 [main] DEBUG - Save part 'xl/sharedStrings.xml'
13:24:54.878 [main] DEBUG - Save part 'xl/styles.xml'
13:24:54.880 [main] DEBUG - Save part 'xl/workbook.xml'
13:24:54.882 [main] DEBUG - Save part 'xl/worksheets/sheet1.xml'
13:24:54.882 [main] DEBUG - Save part 'xl/worksheets/sheet2.xml'
13:24:54.882 [main] DEBUG - Save part 'xl/worksheets/sheet3.xml'
13:24:54.883 [main] DEBUG - Save part 'xl/worksheets/sheet4.xml'
13:24:57.441 [main] INFO  - Navigating to Home Page 
13:24:57.724 [main] INFO  - Scroll Down to the Social media menu
13:24:58.015 [main] INFO  - Validating the Instagram is present or not
14:26:27.092 [main] INFO  - Navigating to Home Page 
14:26:27.440 [main] INFO  - Select the city from the location listbox in Search input field
14:26:57.895 [main] INFO  - Navigating to Home Page 
14:26:58.074 [main] INFO  - Click  On the Book Diagnostic Tests
14:27:01.692 [main] INFO  - Capturing all the top cities
14:27:03.914 [main] INFO  - Navigating to Home Page 
14:27:04.101 [main] INFO  - Clicking on the View All Specialites
14:27:08.208 [main] INFO  - Capturing the all the specialities along with price 
14:27:09.834 [main] INFO  - Navigating to Home Page 
14:27:10.095 [main] INFO  - Scroll Down to bottom of the page and clicking on practo drive 
14:27:12.455 [main] INFO  - Entering invalid details and cpature warning messages 
14:27:13.900 [main] INFO  - Navigating to Home Page 
14:27:14.026 [main] INFO  - Scroll Down to the Social media menu
14:27:14.198 [main] INFO  - Validating the Instagram is present or not
14:27:53.655 [main] INFO  - Navigating to Home Page 
14:27:53.979 [main] INFO  - Select the city from the location listbox in Search input field
14:27:54.276 [main] DEBUG - Parsing relationship: /xl/_rels/workbook.xml.rels
14:27:54.283 [main] DEBUG - Parsing relationship: /_rels/.rels
14:27:54.480 [main] TRACE - Loading type system org.apache.poi.schemas.ooxml.system.ooxml
14:27:54.483 [main] TRACE - Loading type system org.apache.xmlbeans.metadata.system.sXMLCONFIG
14:27:54.483 [main] TRACE - Loading type system org.apache.xmlbeans.metadata.system.sXMLLANG
14:27:54.485 [main] TRACE - Loading type system org.apache.xmlbeans.metadata.system.sXMLSCHEMA
14:27:54.485 [main] TRACE - Loading type system org.apache.xmlbeans.metadata.system.sXMLTOOLS
14:27:54.486 [main] TRACE - Reading unresolved handles for type system org.apache.xmlbeans.metadata.system.sXMLTOOLS
14:27:54.507 [main] TRACE - Finished loading type system org.apache.xmlbeans.metadata.system.sXMLTOOLS
14:27:54.508 [main] TRACE - Reading unresolved handles for type system org.apache.xmlbeans.metadata.system.sXMLSCHEMA
14:27:54.515 [main] TRACE - Finished loading type system org.apache.xmlbeans.metadata.system.sXMLSCHEMA
14:27:54.516 [main] TRACE - Reading unresolved handles for type system org.apache.xmlbeans.metadata.system.sXMLLANG
14:27:54.517 [main] TRACE - Finished loading type system org.apache.xmlbeans.metadata.system.sXMLLANG
14:27:54.519 [main] TRACE - Reading unresolved handles for type system org.apache.xmlbeans.metadata.system.sXMLCONFIG
14:27:54.521 [main] TRACE - Finished loading type system org.apache.xmlbeans.metadata.system.sXMLCONFIG
14:27:54.522 [main] TRACE - Reading unresolved handles for type system org.apache.poi.schemas.ooxml.system.ooxml
14:27:54.590 [main] TRACE - Finished loading type system org.apache.poi.schemas.ooxml.system.ooxml
14:27:54.590 [main] TRACE - Resolving type for handle themefd26doctype
14:27:54.655 [main] TRACE - Resolving type for handle stylesheet5d8bdoctype
14:27:54.666 [main] TRACE - Resolving type for handle ctstylesheet4257type
14:27:54.672 [main] TRACE - Resolving type for handle ctfonts6623type
14:27:54.677 [main] TRACE - Resolving type for handle ctfont14d8type
14:27:54.682 [main] TRACE - Resolving type for handle ctfills2c6ftype
14:27:54.685 [main] TRACE - Resolving type for handle ctfill550ctype
14:27:54.689 [main] TRACE - Resolving type for handle ctborders0d66type
14:27:54.693 [main] TRACE - Resolving type for handle ctborderf935type
14:27:54.697 [main] TRACE - Resolving type for handle ctcellxfs1322type
14:27:54.701 [main] TRACE - Resolving type for handle ctxf97f7type
14:27:54.706 [main] TRACE - Resolving type for handle ctcellstylexfsa81ftype
14:27:54.709 [main] TRACE - Resolving type for handle ctdxfsb26atype
14:27:54.713 [main] TRACE - Resolving type for handle cttablestyles872ftype
14:27:54.719 [main] TRACE - Resolving type for handle sstf81fdoctype
14:27:54.724 [main] TRACE - Resolving type for handle ctsst44f3type
14:27:54.738 [main] TRACE - Resolving type for handle ctrsta472type
14:27:54.762 [main] TRACE - Resolving type for handle workbookec17doctype
14:27:54.768 [main] TRACE - Resolving type for handle ctworkbook83c3type
14:27:54.773 [main] TRACE - Resolving type for handle ctsheets49fdtype
14:27:54.776 [main] TRACE - Resolving type for handle ctsheet4dbetype
14:27:54.778 [main] TRACE - Resolving type for handle strelationshipid1e94type
14:27:54.782 [main] TRACE - Resolving type for handle worksheetf539doctype
14:27:54.787 [main] TRACE - Resolving type for handle ctworksheet530dtype
14:27:54.797 [main] TRACE - Resolving type for handle ctsheetdata8408type
14:27:54.801 [main] TRACE - Resolving type for handle ctrowdd39type
14:27:54.807 [main] TRACE - Resolving type for handle ctcell842btype
14:27:54.817 [main] TRACE - Resolving type for handle stcellrefe4e0type
14:27:54.825 [main] TRACE - Resolving type for handle ctcols627ctype
14:27:54.842 [main] TRACE - Resolving type for handle stxstringf179type
14:27:54.847 [main] TRACE - Resolving type for handle stcelltypebf95type
14:27:55.829 [main] INFO  - Select the Hospital type from the listbox in Search input field 
14:27:55.904 [main] DEBUG - Parsing relationship: /xl/_rels/workbook.xml.rels
14:27:55.906 [main] DEBUG - Parsing relationship: /_rels/.rels
14:28:03.864 [main] INFO  - Capturing the hospital names and rating more than 3.5
14:28:13.182 [main] TRACE - Resolving type for handle ctworkbookpr03a5type
14:28:13.187 [main] TRACE - Resolving type for handle ctbookviewsb864type
14:28:13.189 [main] TRACE - Resolving type for handle ctbookviewf677type
14:28:13.195 [main] TRACE - Resolving type for handle propertiesee84doctype
14:28:13.196 [main] TRACE - Resolving type for handle ctproperties3f10type
14:28:13.203 [main] TRACE - Resolving type for handle properties288cdoctype
14:28:13.204 [main] TRACE - Resolving type for handle ctproperties2c18type
14:28:13.211 [main] TRACE - Resolving type for handle ctfontsizeb3b9type
14:28:13.216 [main] TRACE - Resolving type for handle ctcolord2c2type
14:28:13.219 [main] TRACE - Resolving type for handle ctfontname2dc3type
14:28:13.221 [main] TRACE - Resolving type for handle ctfontfamily685ctype
14:28:13.232 [main] TRACE - Resolving type for handle stfontfamily9c6ctype
14:28:13.235 [main] TRACE - Resolving type for handle ctfontschemebf5dtype
14:28:13.238 [main] TRACE - Resolving type for handle stfontschemef36dtype
14:28:13.239 [main] TRACE - Resolving type for handle ctpatternfill7452type
14:28:13.243 [main] TRACE - Resolving type for handle stpatterntype7939type
14:28:13.244 [main] TRACE - Resolving type for handle ctborderpre497type
14:28:13.246 [main] TRACE - Resolving type for handle stnumfmtid76fbtype
14:28:13.247 [main] TRACE - Resolving type for handle stfontid9d63type
14:28:13.249 [main] TRACE - Resolving type for handle stfillida097type
14:28:13.250 [main] TRACE - Resolving type for handle stborderid1a80type
14:28:13.250 [main] TRACE - Resolving type for handle stcellstylexfid70c7type
14:28:13.253 [main] TRACE - Resolving type for handle ctsheetformatprdef7type
14:28:13.255 [main] TRACE - Resolving type for handle ctsheetviewsb918type
14:28:13.256 [main] TRACE - Resolving type for handle ctsheetview0f43type
14:28:13.261 [main] TRACE - Resolving type for handle ctsheetdimensiond310type
14:28:13.262 [main] TRACE - Resolving type for handle stref90a2type
14:28:13.263 [main] TRACE - Resolving type for handle ctpagemargins5455type
14:28:13.304 [main] TRACE - Resolving type for handle ctnumfmtsb58btype
14:28:13.327 [main] DEBUG - Save core properties part
14:28:13.327 [main] DEBUG - Save content types part
14:28:13.388 [main] DEBUG - Save package relationships
14:28:13.392 [main] DEBUG - Save part 'docProps/app.xml'
14:28:13.392 [main] DEBUG - Save part 'docProps/core.xml'
14:28:13.395 [main] DEBUG - Save part 'xl/sharedStrings.xml'
14:28:13.396 [main] DEBUG - Save part 'xl/styles.xml'
14:28:13.396 [main] DEBUG - Save part 'xl/workbook.xml'
14:28:13.397 [main] DEBUG - Save part 'xl/worksheets/sheet1.xml'
14:28:13.600 [main] INFO  - Navigating to Home Page 
14:28:13.763 [main] INFO  - Click  On the Book Diagnostic Tests
14:28:16.981 [main] INFO  - Capturing all the top cities
14:28:18.496 [main] DEBUG - Save content types part
14:28:18.498 [main] DEBUG - Save package relationships
14:28:18.500 [main] DEBUG - Save part 'docProps/app.xml'
14:28:18.501 [main] DEBUG - Save part 'docProps/core.xml'
14:28:18.502 [main] DEBUG - Save part 'xl/sharedStrings.xml'
14:28:18.504 [main] DEBUG - Save part 'xl/styles.xml'
14:28:18.504 [main] DEBUG - Save part 'xl/workbook.xml'
14:28:18.506 [main] DEBUG - Save part 'xl/worksheets/sheet1.xml'
14:28:18.507 [main] DEBUG - Save part 'xl/worksheets/sheet2.xml'
14:28:18.766 [main] INFO  - Navigating to Home Page 
14:28:18.986 [main] INFO  - Clicking on the View All Specialites
14:28:22.733 [main] INFO  - Capturing the all the specialities along with price 
14:28:23.684 [main] DEBUG - Save content types part
14:28:23.687 [main] DEBUG - Save package relationships
14:28:23.688 [main] DEBUG - Save part 'docProps/app.xml'
14:28:23.689 [main] DEBUG - Save part 'docProps/core.xml'
14:28:23.691 [main] DEBUG - Save part 'xl/sharedStrings.xml'
14:28:23.691 [main] DEBUG - Save part 'xl/styles.xml'
14:28:23.691 [main] DEBUG - Save part 'xl/workbook.xml'
14:28:23.693 [main] DEBUG - Save part 'xl/worksheets/sheet1.xml'
14:28:23.694 [main] DEBUG - Save part 'xl/worksheets/sheet2.xml'
14:28:23.694 [main] DEBUG - Save part 'xl/worksheets/sheet3.xml'
14:28:23.921 [main] INFO  - Navigating to Home Page 
14:28:24.130 [main] INFO  - Scroll Down to bottom of the page and clicking on practo drive 
14:28:26.417 [main] INFO  - Entering invalid details and cpature warning messages 
14:28:27.442 [main] DEBUG - Parsing relationship: /xl/_rels/workbook.xml.rels
